
2017-09-02 22:17:56,156 --- 购物---oppoR9s---价格---2500
2017-09-02 22:17:59,843 --- 购物---ipad---价格---5000
2017-09-02 22:19:27,083 --- 购物---oppoR9s---价格---2500
2017-09-02 22:19:27,667 --- 购物---ipad---价格---5000
2017-09-02 22:20:41,450 --- 购物---oppoR9s---价格---2500
2017-09-02 22:20:42,227 --- 购物---ipad---价格---5000
2017-09-02 22:21:03,874 --- 购物---oppoR9s---价格---2500
2017-09-02 22:21:04,307 --- 购物---ipad---价格---5000
2017-09-02 22:21:15,297 --- 购物---oppoR9s---价格---2500
2017-09-02 22:21:15,707 --- 购物---ipad---价格---5000
2017-09-02 22:21:43,529 --- 购物---oppoR9s---价格---2500
2017-09-02 22:21:43,778 --- 购物---ipad---价格---5000
2017-09-02 22:21:44,138 --- 购物---oppoR9s---价格---2500
2017-09-02 22:23:12,962 --- 购物---oppoR9s---价格---2500
2017-09-02 22:23:40,754 --- 购物---oppoR9s---价格---2500
2017-09-02 22:24:31,233 --- 购物---oppoR9s---价格---2500
2017-09-02 22:24:52,283 --- 购物---oppoR9s---价格---2500
2017-09-02 22:36:49,801 --- 购物---oppoR9s---价格---2500
2017-09-02 22:36:50,240 --- 购物---ipad---价格---5000
2017-09-02 22:37:14,768 --- 购物---oppoR9s---价格---2500
2017-09-02 22:37:15,385 --- 购物---ipad---价格---5000
2017-09-02 22:38:20,097 --- 购物---oppoR9s---价格---2500
2017-09-02 22:38:20,586 --- 购物---ipad---价格---5000
2017-09-02 22:39:09,520 --- 购物---oppoR9s---价格---2500
2017-09-02 22:39:09,841 --- 购物---ipad---价格---5000
2017-09-02 22:39:10,584 --- 购物---oppoR9s---价格---2500
2017-09-02 22:39:45,185 --- 购物---oppoR9s---价格---2500
2017-09-02 22:39:46,233 --- 购物---ipad---价格---5000
2017-09-02 22:39:59,344 --- 购物---bike---价格---1999
2017-09-02 22:40:16,728 --- 购物---oppoR9s---价格---2500
2017-09-02 22:41:28,536 --- 购物---oppoR9s---价格---2500
2017-09-02 22:44:09,529 --- 购物---oppoR9s---价格---2500
2017-09-02 22:44:10,210 --- 购物---ipad---价格---5000
2017-09-02 22:45:01,121 --- 购物---oppoR9s---价格---2500
2017-09-02 22:45:41,448 --- 购物---oppoR9s---价格---2500
2017-09-02 22:50:57,263 --- 购物---oppoR9s---价格---2500
2017-09-02 22:51:27,760 --- 购物---oppoR9s---价格---2500
2017-09-02 22:54:17,922 --- 购物---oppoR9s---价格---2500
2017-09-02 22:54:54,464 --- 购物---oppoR9s---价格---2500
2017-09-02 22:54:55,879 --- 购物---ipad---价格---5000
2017-09-02 22:54:57,209 --- 购物---book---价格---350
2017-09-02 22:55:36,530 --- 购物---shoes---价格---998
2017-09-02 22:55:37,552 --- 购物---book---价格---350
2017-09-02 22:55:38,208 --- 购物---bike---价格---1999
2017-09-02 22:55:38,680 --- 购物---oppoR9s---价格---2500
2017-09-06 14:37:00,639 --- 购物---oppoR9s---价格---2500
2017-09-06 14:37:01,162 --- 购物---book---价格---350
2017-09-06 14:37:01,570 --- 购物---clothes---价格---1600
2017-09-07 10:16:24,277 --- 12345678--信用卡商城结账--4450
2017-09-07 10:18:59,989 --- 12345678--信用卡商城结账--4450¥
2017-09-10 15:00:49,031 --- 购物---oppoR9s---价格---2500
2017-09-10 15:00:49,031 --- 购物---oppoR9s---价格---2500
2017-09-10 15:00:50,222 --- 购物---ipad---价格---5000
2017-09-10 15:00:50,222 --- 购物---ipad---价格---5000
2017-09-10 15:04:51,710 --- 购物---ipad---价格---5000
2017-09-10 15:04:51,710 --- 购物---ipad---价格---5000
2017-09-10 15:04:53,343 --- 购物---oppoR9s---价格---2500
2017-09-10 15:04:53,343 --- 购物---oppoR9s---价格---2500
2017-09-10 15:05:53,751 --- 购物---ipad---价格---5000
2017-09-10 15:05:53,751 --- 购物---ipad---价格---5000
2017-09-10 15:05:54,527 --- 购物---book---价格---350
2017-09-10 15:05:54,527 --- 购物---book---价格---350
2017-09-10 15:06:27,303 --- 购物---book---价格---350
2017-09-10 15:06:27,303 --- 购物---book---价格---350
2017-09-11 10:16:57,211 --- 购物---oppoR9s---价格---2500
2017-09-11 10:16:57,211 --- 购物---oppoR9s---价格---2500
2017-09-11 10:16:57,930 --- 购物---ipad---价格---5000
2017-09-11 10:16:57,930 --- 购物---ipad---价格---5000
2017-09-11 10:17:28,513 --- 购物---oppoR9s---价格---2500
2017-09-11 10:17:28,513 --- 购物---oppoR9s---价格---2500
2017-09-11 10:17:32,387 --- 购物---oppoR9s---价格---2500
2017-09-11 10:17:32,387 --- 购物---oppoR9s---价格---2500
2017-09-11 10:17:34,916 --- 购物---book---价格---350
2017-09-11 10:17:34,916 --- 购物---book---价格---350
2017-09-11 10:44:51,037 --- 购物---oppoR9s---价格---2500
2017-09-11 10:44:51,037 --- 购物---oppoR9s---价格---2500
2017-09-11 10:44:52,299 --- 购物---ipad---价格---5000
2017-09-11 10:44:52,299 --- 购物---ipad---价格---5000
2017-09-11 11:55:00,038 --- 购物---shoes---价格---998
2017-09-11 11:55:00,038 --- 购物---shoes---价格---998
2017-09-11 11:55:30,671 --- 66661111--信用卡商城结账--998¥
2017-09-11 11:55:30,671 --- 66661111--信用卡商城结账--998¥
2017-09-11 14:28:19,092 --- 信用卡转账---66661111---1000
2017-09-11 14:28:19,092 --- 信用卡转账---66661111---1000
