2017-08-24 16:34:50,275 --- zww
2017-08-25 18:45:02,868 --- песц©╗в╙ук---12345678---99
2017-08-25 18:46:39,405 --- песц©╗в╙ук---12345678---1000
2017-08-25 18:47:24,703 --- песц©╗в╙ук---12345678---2000
2017-08-25 18:55:01,732 --- песц©╗в╙ук---12345678---12
2017-08-28 11:10:40,030 --- Д©║Г■╗Е█║Е▐√Г▌╟---12345678---105.0
2017-08-28 11:10:56,792 --- Д©║Г■╗Е█║Е▐√Г▌╟---12345678---105.0
2017-08-28 11:11:25,334 --- Д©║Г■╗Е█║Е▐√Г▌╟---12345678---105.0
2017-08-28 11:13:20,434 --- Д©║Г■╗Е█║Е▐√Г▌╟---12345678---100
2017-08-28 12:02:08,149 --- Д©║Г■╗Е█║Х©≤Ф╛╬---12345678---100
2017-08-28 12:04:24,623 --- Д©║Г■╗Е█║Х©≤Ф╛╬---12345678---100
2017-08-28 15:09:59,427 --- Д©║Г■╗Е█║Х©≤Ф╛╬---12345678---1
2017-08-28 15:10:59,662 --- Д©║Г■╗Е█║Х©≤Ф╛╬---12345678---4
2017-08-28 15:11:38,456 --- Д©║Г■╗Е█║Е▐√Г▌╟---12345678---1000
2017-08-28 15:27:15,973 --- Д©║Г■╗Е█║Х©≤Ф╛╬---12345678---10
2017-08-28 15:28:21,191 --- Д©║Г■╗Е█║Х©≤Ф╛╬---12345678---12
2017-08-28 15:28:50,104 --- Д©║Г■╗Е█║Х©≤Ф╛╬---12345678---12
2017-08-28 15:28:56,068 --- Д©║Г■╗Е█║Х©≤Ф╛╬---12345678---12
2017-08-28 15:30:45,572 --- Д©║Г■╗Е█║Х©≤Ф╛╬---12345678---123
2017-08-28 15:31:04,486 --- Д©║Г■╗Е█║Х©≤Ф╛╬---12345678---123
2017-08-28 15:32:23,044 --- Д©║Г■╗Е█║Е▐√Г▌╟---12345678---1200
2017-08-28 15:32:31,973 --- Д©║Г■╗Е█║Е▐√Г▌╟---12345678---123
2017-08-28 15:33:35,439 --- Д©║Г■╗Е█║Е▐√Г▌╟---12345678---123
2017-08-28 15:34:03,295 --- Д©║Г■╗Е█║Е▐√Г▌╟---12345678---123
2017-08-28 15:34:22,237 --- Д©║Г■╗Е█║Е▐√Г▌╟---12345678---10
2017-08-28 15:35:02,836 --- Д©║Г■╗Е█║Х©≤Ф╛╬---12345678---123
2017-08-28 15:35:14,425 --- Д©║Г■╗Е█║Х©≤Ф╛╬---12345678---123
2017-08-28 15:35:55,881 --- Д©║Г■╗Е█║Х©≤Ф╛╬---12345678---100
2017-08-28 15:36:43,026 --- Д©║Г■╗Е█║Х©≤Ф╛╬---12345678---46
2017-08-28 15:37:18,627 --- Д©║Г■╗Е█║Х©≤Ф╛╬---12345678---100
